--------------------------------------------------------------------------------
EXPORT Data Export Utility [Jun 15 2021]
Copyright (c) 1997-2021 Applanix Corporation.  All rights reserved.
Date : 07/23/24    Time : 20:38:40
--------------------------------------------------------------------------------
Mission date        : 09/30/2023
Input file          : F:\__Working Registrations\23012083A_Georgia Power_Klondike\23012083A_TTNP\230930_183813\05_INS-GPS_PROC\02_PROJECT\23012083A_230930-1\Mission 1\Proc\sbet_Mission 1.out
Output file         : F:\__Working Registrations\23012083A_Georgia Power_Klondike\Trajectories\export_Mission 1.shp
Output Rate Type    : All Records
Start time          : 586429.002
End time            : 999999.000
UTC offset          : 18.000
Lat/Lon units       : Decimal degrees
Height              : Ellipsoidal
Grid                : USA State Plane 1983 
Zone                : Georgia Western Zone (1002) 
Datum               : NAD83 (2011) 
Ellipsoid           : GRS 1980 
Transformation type : 14 Parameter
Target epoch        : 2023.7452
--------------------------------------------------------------------------------
Processing completed.
